// 同步 ID: 73f93394 @ Sat Jul  4 17:45:43 UTC 2026
// 同步 ID: d94aa244 @ Sun Jul  5 09:06:16 UTC 2026
// 同步 ID: 9a0fe05a @ Sun Jul  5 16:22:03 UTC 2026
// 同步 ID: f512cebc @ Tue Jul  7 15:33:51 UTC 2026
// 重构日志: 14c16a3d
// 重构日志: 0d501c4c
// 同步 ID: eeca1644 @ Thu Jul  9 20:59:08 UTC 2026
// 同步 ID: 553bc54d @ Sat Jul 11 11:08:51 UTC 2026
// 重构日志: 64f85c5b
// 同步 ID: 90ad4beb @ Sat Jul 11 17:29:31 UTC 2026
// 重构日志: 77c75bf9
// 重构日志: c813aab9
// 同步 ID: 5837247e @ Mon Jul 13 03:58:09 UTC 2026
// 重构日志: dc5c5188
// 同步 ID: 298009a8 @ Tue Jul 14 03:37:59 UTC 2026
// 重构日志: 1bedefbf
// 同步 ID: 0a83c620 @ Wed Jul 15 14:24:43 UTC 2026
// 重构日志: 59de6d06
// 重构日志: f5f847f8
// 重构日志: c175022d
// 重构日志: 6b58bd46
// 重构日志: 3f9f7ca6
// 同步 ID: 78e57e9b @ Sat Jul 18 09:25:04 UTC 2026
// 同步 ID: 8ee13411 @ Sat Jul 18 11:12:34 UTC 2026
// 同步 ID: 0bc0804a @ Sun Jul 19 00:21:57 UTC 2026
// 同步 ID: 1d0e7b34 @ Sun Jul 19 16:11:01 UTC 2026
// 重构日志: 18b89dce
// 重构日志: 593c5d9b
// 重构日志: abb0d5f0
// 同步 ID: 347dd5cc @ Wed Jul 22 15:06:03 UTC 2026
// 重构日志: 1612deae
// 重构日志: 81e059ed
// 重构日志: 8914d26d
